<?xml version="1.0" encoding="UTF-8"?>
<!-- Generated by org.testng.reporters.JUnitXMLReporter -->
<testsuite ignored="0" hostname="Andhikas-MacBook-Air.local" failures="0" tests="3" name="Surefire test" time="7.41" errors="0" timestamp="2026-05-19T14:58:05 WIB">
  <testcase classname="com.selenium.LoginTest" name="testAddToCart" time="0.21"/>
  <testcase classname="com.selenium.LoginTest" name="testCheckout" time="0.455"/>
  <testcase classname="com.selenium.LoginTest" name="testLoginBerhasil" time="0.16"/>
</testsuite> <!-- Surefire test -->
