<?xml version="1.0" encoding="UTF-8"?>
<!-- Generated by org.testng.reporters.JUnitXMLReporter -->
<testsuite ignored="0" hostname="Andhikas-MacBook-Air.local" failures="0" tests="21" name="Surefire test" time="60.242" errors="0" timestamp="2026-05-19T15:23:41 WIB">
  <testcase classname="com.selenium.LoginTest" name="testAddToCart" time="0.214"/>
  <testcase classname="com.selenium.LoginTest" name="testCancelDiCheckout" time="0.264"/>
  <testcase classname="com.selenium.LoginTest" name="testCancelDiOverview" time="0.391"/>
  <testcase classname="com.selenium.LoginTest" name="testCartBadgeBertambah" time="0.197"/>
  <testcase classname="com.selenium.LoginTest" name="testCekTotalHargaOverview" time="0.365"/>
  <testcase classname="com.selenium.LoginTest" name="testCheckout" time="1.403"/>
  <testcase classname="com.selenium.LoginTest" name="testCheckoutTanpaForm" time="0.29"/>
  <testcase classname="com.selenium.LoginTest" name="testJumlahProduk" time="0.159"/>
  <testcase classname="com.selenium.LoginTest" name="testLoginBerhasil" time="0.17"/>
  <testcase classname="com.selenium.LoginTest" name="testLoginKosong" time="0.103"/>
  <testcase classname="com.selenium.LoginTest" name="testLoginPasswordKosong" time="0.172"/>
  <testcase classname="com.selenium.LoginTest" name="testLoginPasswordSalah" time="0.155"/>
  <testcase classname="com.selenium.LoginTest" name="testLoginUsernameKosong" time="0.134"/>
  <testcase classname="com.selenium.LoginTest" name="testLoginUsernameSalah" time="0.16"/>
  <testcase classname="com.selenium.LoginTest" name="testLogout" time="0.743"/>
  <testcase classname="com.selenium.LoginTest" name="testNamaProdukDiCart" time="0.215"/>
  <testcase classname="com.selenium.LoginTest" name="testRemoveItemDariCart" time="0.233"/>
  <testcase classname="com.selenium.LoginTest" name="testSortHargaHighLow" time="0.214"/>
  <testcase classname="com.selenium.LoginTest" name="testSortHargaLowHigh" time="0.803"/>
  <testcase classname="com.selenium.LoginTest" name="testSortProdukAZ" time="0.176"/>
  <testcase classname="com.selenium.LoginTest" name="testSortProdukZA" time="0.903"/>
</testsuite> <!-- Surefire test -->
