<?xml version="1.0" encoding="UTF-8"?>
<testng-results ignored="0" total="3" passed="3" failed="0" skipped="0">
  <reporter-output>
  </reporter-output>
  <suite started-at="2026-05-19T14:57:57 WIB" name="Surefire suite" finished-at="2026-05-19T14:58:05 WIB" duration-ms="7410">
    <groups>
    </groups>
    <test started-at="2026-05-19T14:57:57 WIB" name="Surefire test" finished-at="2026-05-19T14:58:05 WIB" duration-ms="7410">
      <class name="com.selenium.LoginTest">
        <test-method is-config="true" signature="setup()[pri:0, instance:com.selenium.LoginTest@77be656f]" started-at="2026-05-19T14:57:57 WIB" name="setup" finished-at="2026-05-19T14:58:00 WIB" duration-ms="2901" status="PASS">
          <reporter-output>
          </reporter-output>
        </test-method> <!-- setup -->
        <test-method signature="testAddToCart()[pri:0, instance:com.selenium.LoginTest@77be656f]" started-at="2026-05-19T14:58:00 WIB" name="testAddToCart" finished-at="2026-05-19T14:58:00 WIB" duration-ms="210" status="PASS">
          <reporter-output>
          </reporter-output>
        </test-method> <!-- testAddToCart -->
        <test-method is-config="true" signature="teardown()[pri:0, instance:com.selenium.LoginTest@77be656f]" started-at="2026-05-19T14:58:00 WIB" name="teardown" finished-at="2026-05-19T14:58:00 WIB" duration-ms="84" status="PASS">
          <reporter-output>
          </reporter-output>
        </test-method> <!-- teardown -->
        <test-method is-config="true" signature="setup()[pri:0, instance:com.selenium.LoginTest@77be656f]" started-at="2026-05-19T14:58:00 WIB" name="setup" finished-at="2026-05-19T14:58:02 WIB" duration-ms="1689" status="PASS">
          <reporter-output>
          </reporter-output>
        </test-method> <!-- setup -->
        <test-method signature="testCheckout()[pri:0, instance:com.selenium.LoginTest@77be656f]" started-at="2026-05-19T14:58:02 WIB" name="testCheckout" finished-at="2026-05-19T14:58:03 WIB" duration-ms="455" status="PASS">
          <reporter-output>
          </reporter-output>
        </test-method> <!-- testCheckout -->
        <test-method is-config="true" signature="teardown()[pri:0, instance:com.selenium.LoginTest@77be656f]" started-at="2026-05-19T14:58:03 WIB" name="teardown" finished-at="2026-05-19T14:58:03 WIB" duration-ms="87" status="PASS">
          <reporter-output>
          </reporter-output>
        </test-method> <!-- teardown -->
        <test-method is-config="true" signature="setup()[pri:0, instance:com.selenium.LoginTest@77be656f]" started-at="2026-05-19T14:58:03 WIB" name="setup" finished-at="2026-05-19T14:58:04 WIB" duration-ms="1729" status="PASS">
          <reporter-output>
          </reporter-output>
        </test-method> <!-- setup -->
        <test-method signature="testLoginBerhasil()[pri:0, instance:com.selenium.LoginTest@77be656f]" started-at="2026-05-19T14:58:04 WIB" name="testLoginBerhasil" finished-at="2026-05-19T14:58:05 WIB" duration-ms="160" status="PASS">
          <reporter-output>
          </reporter-output>
        </test-method> <!-- testLoginBerhasil -->
        <test-method is-config="true" signature="teardown()[pri:0, instance:com.selenium.LoginTest@77be656f]" started-at="2026-05-19T14:58:05 WIB" name="teardown" finished-at="2026-05-19T14:58:05 WIB" duration-ms="85" status="PASS">
          <reporter-output>
          </reporter-output>
        </test-method> <!-- teardown -->
      </class> <!-- com.selenium.LoginTest -->
    </test> <!-- Surefire test -->
  </suite> <!-- Surefire suite -->
</testng-results>
