<?xml version="1.0" encoding="UTF-8"?>
<!-- Generated by org.testng.reporters.JUnitReportReporter -->
<testsuite hostname="Andhikas-MacBook-Air.local" failures="0" tests="3" name="com.selenium.LoginTest" time="6.496" errors="0" timestamp="2026-05-19T14:37:26 WIB" skipped="0">
  <testcase classname="com.selenium.LoginTest" name="testCheckout" time="1.952"/>
  <testcase classname="com.selenium.LoginTest" name="testAddToCart" time="2.801"/>
  <testcase classname="com.selenium.LoginTest" name="testLoginBerhasil" time="1.743"/>
</testsuite> <!-- com.selenium.LoginTest -->
