<?xml version="1.0" encoding="UTF-8"?>
<!-- Generated by org.testng.reporters.JUnitReportReporter -->
<testsuite hostname="Andhikas-MacBook-Air.local" failures="0" tests="3" name="com.selenium.LoginTest" time="7.400" errors="0" timestamp="2026-05-19T14:58:05 WIB" skipped="0">
  <testcase classname="com.selenium.LoginTest" name="testCheckout" time="2.271"/>
  <testcase classname="com.selenium.LoginTest" name="testAddToCart" time="3.196"/>
  <testcase classname="com.selenium.LoginTest" name="testLoginBerhasil" time="1.933"/>
</testsuite> <!-- com.selenium.LoginTest -->
